<?xml version="1.0" encoding="UTF-8"?>
<!-- Generated by org.testng.reporters.JUnitXMLReporter -->
<testsuite ignored="0" hostname="LAPTOP-B17B4A37" failures="0" tests="3" name="TestFB" time="48.931" errors="0" timestamp="2022-05-30T15:07:14 IST">
  <testcase classname="testClasses.VerifyHeadersFbTestNg" name="testclassInbocOn_Off" time="7.984"/>
  <testcase classname="testClasses.VerifyHeadersFbTestNg" name="testclassMarket" time="5.468"/>
  <testcase classname="testClasses.VerifyHeadersFbTestNg" name="testclassGaming" time="5.254"/>
</testsuite> <!-- TestFB -->
