<?xml version="1.0" encoding="UTF-8"?>
<!-- Generated by org.testng.reporters.JUnitXMLReporter -->
<testsuite ignored="0" hostname="LAPTOP-B17B4A37" failures="0" tests="7" name="TestFB_FK" time="153.848" errors="0" timestamp="2022-05-30T16:22:24 IST">
  <testcase classname="testClasses.VerifyHeadersFbTestNg" name="testclassInbocOn_Off" time="7.073"/>
  <testcase classname="testClasses.VerifyHeadersFbTestNg" name="testclassMarket" time="4.53"/>
  <testcase classname="testClasses.VerifyHeadersFbTestNg" name="testclassGaming" time="4.556"/>
  <testcase classname="testNG_Flipkart01.Flipkart_testNG_Home" name="myProfile" time="8.521"/>
  <testcase classname="testNG_Flipkart01.Flipkart_testNG_Home" name="mychats" time="17.605"/>
  <testcase classname="testNG_Flipkart01.Flipkart_testNG_Home" name="orders" time="14.229"/>
  <testcase classname="testNG_Flipkart01.Flipkart_testNG_Home" name="wishlist" time="13.944"/>
</testsuite> <!-- TestFB_FK -->
